GAS LISTING /tmp/ccwVJWn3.s 			page 1


   1               		.file	"main.c"
   2               	__SP_H__ = 0x3e
   3               	__SP_L__ = 0x3d
   4               	__SREG__ = 0x3f
   5               	__tmp_reg__ = 0
   6               	__zero_reg__ = 1
   7               		.text
   8               	.global	setup
  10               	setup:
  11               	/* prologue: function */
  12               	/* frame size = 0 */
  13               	/* stack size = 0 */
  14               	.L__stack_usage = 0
  15 0000 259A      		sbi 0x4,5
  16 0002 0895      		ret
  18               		.section	.text.startup,"ax",@progbits
  19               	.global	main
  21               	main:
  22               	/* prologue: function */
  23               	/* frame size = 0 */
  24               	/* stack size = 0 */
  25               	.L__stack_usage = 0
  26 0000 0E94 0000 		call setup
  27 0004 90E2      		ldi r25,lo8(32)
  28               	.L3:
  29 0006 2D9A      		sbi 0x5,5
  30 0008 2FEF      		ldi r18,lo8(959999)
  31 000a 35EA      		ldi r19,hi8(959999)
  32 000c 8EE0      		ldi r24,hlo8(959999)
  33 000e 2150      	1:	subi r18,1
  34 0010 3040      		sbci r19,0
  35 0012 8040      		sbci r24,0
  36 0014 01F4      		brne 1b
  37 0016 00C0      		rjmp .
  38 0018 0000      		nop
  39 001a 2D98      		cbi 0x5,5
  40 001c 2FEF      		ldi r18,lo8(2239999)
  41 001e 3DE2      		ldi r19,hi8(2239999)
  42 0020 82E2      		ldi r24,hlo8(2239999)
  43 0022 2150      	1:	subi r18,1
  44 0024 3040      		sbci r19,0
  45 0026 8040      		sbci r24,0
  46 0028 01F4      		brne 1b
  47 002a 00C0      		rjmp .
  48 002c 0000      		nop
  49 002e 85B1      		in r24,0x5
  50 0030 8927      		eor r24,r25
  51 0032 85B9      		out 0x5,r24
  52 0034 2FEF      		ldi r18,lo8(319999)
  53 0036 31EE      		ldi r19,hi8(319999)
  54 0038 84E0      		ldi r24,hlo8(319999)
  55 003a 2150      	1:	subi r18,1
  56 003c 3040      		sbci r19,0
  57 003e 8040      		sbci r24,0
  58 0040 01F4      		brne 1b
  59 0042 00C0      		rjmp .
  60 0044 0000      		nop
GAS LISTING /tmp/ccwVJWn3.s 			page 2


  61 0046 85B1      		in r24,0x5
  62 0048 8927      		eor r24,r25
  63 004a 85B9      		out 0x5,r24
  64 004c 2FEF      		ldi r18,lo8(319999)
  65 004e 31EE      		ldi r19,hi8(319999)
  66 0050 84E0      		ldi r24,hlo8(319999)
  67 0052 2150      	1:	subi r18,1
  68 0054 3040      		sbci r19,0
  69 0056 8040      		sbci r24,0
  70 0058 01F4      		brne 1b
  71 005a 00C0      		rjmp .
  72 005c 0000      		nop
  73 005e 00C0      		rjmp .L3
  75               		.ident	"GCC: (AVR_8_bit_GNU_Toolchain_3.6.1_1752) 5.4.0"
GAS LISTING /tmp/ccwVJWn3.s 			page 3


DEFINED SYMBOLS
                            *ABS*:0000000000000000 main.c
     /tmp/ccwVJWn3.s:2      *ABS*:000000000000003e __SP_H__
     /tmp/ccwVJWn3.s:3      *ABS*:000000000000003d __SP_L__
     /tmp/ccwVJWn3.s:4      *ABS*:000000000000003f __SREG__
     /tmp/ccwVJWn3.s:5      *ABS*:0000000000000000 __tmp_reg__
     /tmp/ccwVJWn3.s:6      *ABS*:0000000000000001 __zero_reg__
     /tmp/ccwVJWn3.s:10     .text:0000000000000000 setup
     /tmp/ccwVJWn3.s:21     .text.startup:0000000000000000 main

NO UNDEFINED SYMBOLS
